/opt/conda/lib/python3.10/site-packages/torch/nn/modules/conv.py:456: UserWarning: Plan failed with a cudnnException: CUDNN_BACKEND_EXECUTION_PLAN_DESCRIPTOR: cudnnFinalize Descriptor Failed cudnn_status: CUDNN_STATUS_NOT_SUPPORTED (Triggered internally at /opt/conda/conda-bld/pytorch_1712608935911/work/aten/src/ATen/native/cudnn/Conv_v8.cpp:919.)
  return F.conv2d(input, weight, bias, self.stride,
/opt/conda/lib/python3.10/site-packages/torch/autograd/graph.py:744: UserWarning: Plan failed with a cudnnException: CUDNN_BACKEND_EXECUTION_PLAN_DESCRIPTOR: cudnnFinalize Descriptor Failed cudnn_status: CUDNN_STATUS_NOT_SUPPORTED (Triggered internally at /opt/conda/conda-bld/pytorch_1712608935911/work/aten/src/ATen/native/cudnn/Conv_v8.cpp:919.)
  return Variable._execution_engine.run_backward(  # Calls into the C++ engine to run the backward pass
Traceback (most recent call last):
  File "/cluster/tufts/c26sp1cs0137/pliu07/assignment2/train.py", line 373, in <module>
    main()
  File "/cluster/tufts/c26sp1cs0137/pliu07/assignment2/train.py", line 314, in main
    metrics = compute_metrics(preds, targets, binary, norm_stats_cpu, target_vars)
  File "/cluster/tufts/c26sp1cs0137/pliu07/assignment2/train.py", line 165, in compute_metrics
    metrics["val_auc"] = roc_auc_score(labels, scores)
  File "/opt/conda/lib/python3.10/site-packages/sklearn/utils/_param_validation.py", line 218, in wrapper
    return func(*args, **kwargs)
  File "/opt/conda/lib/python3.10/site-packages/sklearn/metrics/_ranking.py", line 665, in roc_auc_score
    y_score = check_array(y_score, ensure_2d=False)
  File "/opt/conda/lib/python3.10/site-packages/sklearn/utils/validation.py", line 1105, in check_array
    _assert_all_finite(
  File "/opt/conda/lib/python3.10/site-packages/sklearn/utils/validation.py", line 120, in _assert_all_finite
    _assert_all_finite_element_wise(
  File "/opt/conda/lib/python3.10/site-packages/sklearn/utils/validation.py", line 169, in _assert_all_finite_element_wise
    raise ValueError(msg_err)
ValueError: Input contains NaN.
